$ uv run pytest -v
(exit 0)

============================= test session starts ==============================
platform darwin -- Python 3.11.7, pytest-9.1.1, pluggy-1.6.0 -- /Users/suwas/Desktop/VS Code/Signal Labs/SignalLabs AI HackDay/attention-cascade/.venv/bin/python
cachedir: .pytest_cache
rootdir: /Users/suwas/Desktop/VS Code/Signal Labs/SignalLabs AI HackDay/attention-cascade
configfile: pyproject.toml
testpaths: tests
plugins: asyncio-1.4.0, anyio-4.14.2
asyncio: mode=Mode.AUTO, debug=False, asyncio_default_fixture_loop_scope=None, asyncio_default_test_loop_scope=function
collecting ... collected 46 items

tests/test_blackboard.py::test_events_round_trip PASSED                  [  2%]
tests/test_blackboard.py::test_events_can_be_filtered_by_stream PASSED   [  4%]
tests/test_blackboard.py::test_insert_events_is_idempotent PASSED        [  6%]
tests/test_blackboard.py::test_anomaly_round_trip PASSED                 [  8%]
tests/test_blackboard.py::test_anomalies_come_back_ranked_by_score PASSED [ 10%]
tests/test_blackboard.py::test_candidate_round_trip PASSED               [ 13%]
tests/test_blackboard.py::test_hypothesis_round_trip_preserves_evidence PASSED [ 15%]
tests/test_blackboard.py::test_hypotheses_are_scoped_to_the_arm PASSED   [ 17%]
tests/test_blackboard.py::test_signals_round_trip_with_displacement PASSED [ 19%]
tests/test_blackboard.py::test_llm_call_records_thinking_tokens_in_their_own_column PASSED [ 21%]
tests/test_blackboard.py::test_audit_is_append_only_and_mirrored_to_jsonl PASSED [ 23%]
tests/test_blackboard.py::test_audit_accepts_a_plain_string PASSED       [ 26%]
tests/test_blackboard.py::test_meta_round_trip_and_default PASSED        [ 28%]
tests/test_blackboard.py::test_concurrent_writers_do_not_lose_or_duplicate_anomalies PASSED [ 30%]
tests/test_blackboard.py::test_a_crashing_writer_does_not_hold_the_lock PASSED [ 32%]
tests/test_blackboard.py::test_schema_survives_reopen_and_uses_wal PASSED [ 34%]
tests/test_blackboard.py::test_events_table_shape_is_locked PASSED       [ 36%]
tests/test_blackboard.py::test_ground_truth_lives_in_its_own_table PASSED [ 39%]
tests/test_generator.py::test_event_count_in_target_band PASSED          [ 41%]
tests/test_generator.py::test_all_four_streams_present PASSED            [ 43%]
tests/test_generator.py::test_exactly_five_incidents_and_four_near_misses PASSED [ 45%]
tests/test_generator.py::test_incident_spans_its_declared_streams[INC-1] PASSED [ 47%]
tests/test_generator.py::test_incident_spans_its_declared_streams[INC-2] PASSED [ 50%]
tests/test_generator.py::test_incident_spans_its_declared_streams[INC-3] PASSED [ 52%]
tests/test_generator.py::test_incident_spans_its_declared_streams[INC-4] PASSED [ 54%]
tests/test_generator.py::test_incident_spans_its_declared_streams[INC-5] PASSED [ 56%]
tests/test_generator.py::test_only_inc5_relies_on_a_silence_hop PASSED   [ 58%]
tests/test_generator.py::test_near_miss_is_single_stream[NM-1] PASSED    [ 60%]
tests/test_generator.py::test_near_miss_is_single_stream[NM-2] PASSED    [ 63%]
tests/test_generator.py::test_near_miss_is_single_stream[NM-3] PASSED    [ 65%]
tests/test_generator.py::test_near_miss_is_single_stream[NM-4] PASSED    [ 67%]
tests/test_generator.py::test_incident_events_belong_to_the_declared_account PASSED [ 69%]
tests/test_generator.py::test_inc5_silence_window_really_is_silent PASSED [ 71%]
tests/test_generator.py::test_generation_is_deterministic PASSED         [ 73%]
tests/test_generator.py::test_ground_truth_is_not_reachable_from_the_events_table PASSED [ 76%]
tests/test_no_groundtruth_leak.py::test_module_does_not_import_ground_truth[config.py] PASSED [ 78%]
tests/test_no_groundtruth_leak.py::test_module_does_not_import_ground_truth[models.py] PASSED [ 80%]
tests/test_no_groundtruth_leak.py::test_module_does_not_import_ground_truth[enrich.py] PASSED [ 82%]
tests/test_no_groundtruth_leak.py::test_module_does_not_import_ground_truth[llm.py] PASSED [ 84%]
tests/test_no_groundtruth_leak.py::test_module_does_not_import_ground_truth[cli.py] PASSED [ 86%]
tests/test_no_groundtruth_leak.py::test_module_does_not_reference_incident_fields[config.py] PASSED [ 89%]
tests/test_no_groundtruth_leak.py::test_module_does_not_reference_incident_fields[models.py] PASSED [ 91%]
tests/test_no_groundtruth_leak.py::test_module_does_not_reference_incident_fields[enrich.py] PASSED [ 93%]
tests/test_no_groundtruth_leak.py::test_module_does_not_reference_incident_fields[llm.py] PASSED [ 95%]
tests/test_no_groundtruth_leak.py::test_module_does_not_reference_incident_fields[cli.py] PASSED [ 97%]
tests/test_no_groundtruth_leak.py::test_events_table_has_no_incident_column PASSED [100%]

============================== 46 passed in 0.40s ==============================
