$ uv run pytest -v
(exit 0)

============================= test session starts ==============================
platform darwin -- Python 3.11.7, pytest-9.1.1, pluggy-1.6.0 -- /Users/suwas/Desktop/VS Code/Signal Labs/SignalLabs AI HackDay/attention-cascade/.venv/bin/python
cachedir: .pytest_cache
rootdir: /Users/suwas/Desktop/VS Code/Signal Labs/SignalLabs AI HackDay/attention-cascade
configfile: pyproject.toml
testpaths: tests
plugins: asyncio-1.4.0, anyio-4.14.2
asyncio: mode=Mode.AUTO, debug=False, asyncio_default_fixture_loop_scope=None, asyncio_default_test_loop_scope=function
collecting ... collected 94 items

tests/test_blackboard.py::test_events_round_trip PASSED                  [  1%]
tests/test_blackboard.py::test_events_can_be_filtered_by_stream PASSED   [  2%]
tests/test_blackboard.py::test_insert_events_is_idempotent PASSED        [  3%]
tests/test_blackboard.py::test_anomaly_round_trip PASSED                 [  4%]
tests/test_blackboard.py::test_anomalies_come_back_ranked_by_score PASSED [  5%]
tests/test_blackboard.py::test_candidate_round_trip PASSED               [  6%]
tests/test_blackboard.py::test_hypothesis_round_trip_preserves_evidence PASSED [  7%]
tests/test_blackboard.py::test_hypotheses_are_scoped_to_the_arm PASSED   [  8%]
tests/test_blackboard.py::test_signals_round_trip_with_displacement PASSED [  9%]
tests/test_blackboard.py::test_llm_call_records_thinking_tokens_in_their_own_column PASSED [ 10%]
tests/test_blackboard.py::test_audit_is_append_only_and_mirrored_to_jsonl PASSED [ 11%]
tests/test_blackboard.py::test_audit_accepts_a_plain_string PASSED       [ 12%]
tests/test_blackboard.py::test_meta_round_trip_and_default PASSED        [ 13%]
tests/test_blackboard.py::test_concurrent_writers_do_not_lose_or_duplicate_anomalies PASSED [ 14%]
tests/test_blackboard.py::test_a_crashing_writer_does_not_hold_the_lock PASSED [ 15%]
tests/test_blackboard.py::test_schema_survives_reopen_and_uses_wal PASSED [ 17%]
tests/test_blackboard.py::test_events_table_shape_is_locked PASSED       [ 18%]
tests/test_blackboard.py::test_ground_truth_lives_in_its_own_table PASSED [ 19%]
tests/test_gate.py::test_dedupe_collapses_repeated_stream_event_pairs PASSED [ 20%]
tests/test_gate.py::test_dedupe_preserves_first_seen_order PASSED        [ 21%]
tests/test_gate.py::test_same_event_id_in_two_streams_is_not_a_duplicate PASSED [ 22%]
tests/test_gate.py::test_duplicate_evidence_cannot_fake_a_second_source PASSED [ 23%]
tests/test_gate.py::test_single_source_is_rejected_with_a_reason PASSED  [ 24%]
tests/test_gate.py::test_two_sources_pass_sufficiency PASSED             [ 25%]
tests/test_gate.py::test_min_sources_is_configurable PASSED              [ 26%]
tests/test_gate.py::test_hypothesis_with_no_evidence_is_rejected_before_sufficiency PASSED [ 27%]
tests/test_gate.py::test_below_floor_is_rejected PASSED                  [ 28%]
tests/test_gate.py::test_floor_is_inclusive_at_the_boundary PASSED       [ 29%]
tests/test_gate.py::test_sufficiency_is_checked_before_the_floor PASSED  [ 30%]
tests/test_gate.py::test_ranking_is_by_impact_times_confidence PASSED    [ 31%]
tests/test_gate.py::test_ties_break_on_evidence_count_then_id PASSED     [ 32%]
tests/test_gate.py::test_ranking_is_deterministic_under_input_shuffling PASSED [ 34%]
tests/test_gate.py::test_full_tie_still_produces_a_total_order PASSED    [ 35%]
tests/test_gate.py::test_cap_holds_at_seven PASSED                       [ 36%]
tests/test_gate.py::test_overflow_beyond_the_cap_is_rejected_with_budget_reason PASSED [ 37%]
tests/test_gate.py::test_cap_is_configurable PASSED                      [ 38%]
tests/test_gate.py::test_displacement_records_both_sides_and_their_scores PASSED [ 39%]
tests/test_gate.py::test_displacement_event_is_emitted_when_a_late_arrival_outranks_a_held_slot PASSED [ 40%]
tests/test_gate.py::test_gate_does_not_mutate_its_input PASSED           [ 41%]
tests/test_gate.py::test_repeated_calls_are_identical PASSED             [ 42%]
tests/test_gate.py::test_empty_input_is_not_an_error PASSED              [ 43%]
tests/test_gate.py::test_every_hypothesis_is_accounted_for_exactly_once PASSED [ 44%]
tests/test_gate.py::test_reasons_are_drawn_from_the_declared_enum PASSED [ 45%]
tests/test_gate.py::test_trace_names_every_hypothesis PASSED             [ 46%]
tests/test_gate.py::test_signal_count_never_exceeds_the_cap[0] PASSED    [ 47%]
tests/test_gate.py::test_signal_count_never_exceeds_the_cap[1] PASSED    [ 48%]
tests/test_gate.py::test_signal_count_never_exceeds_the_cap[6] PASSED    [ 50%]
tests/test_gate.py::test_signal_count_never_exceeds_the_cap[7] PASSED    [ 51%]
tests/test_gate.py::test_signal_count_never_exceeds_the_cap[8] PASSED    [ 52%]
tests/test_gate.py::test_signal_count_never_exceeds_the_cap[30] PASSED   [ 53%]
tests/test_generator.py::test_event_count_in_target_band PASSED          [ 54%]
tests/test_generator.py::test_all_four_streams_present PASSED            [ 55%]
tests/test_generator.py::test_exactly_five_incidents_and_five_near_misses PASSED [ 56%]
tests/test_generator.py::test_incident_spans_its_declared_streams[INC-1] PASSED [ 57%]
tests/test_generator.py::test_incident_spans_its_declared_streams[INC-2] PASSED [ 58%]
tests/test_generator.py::test_incident_spans_its_declared_streams[INC-3] PASSED [ 59%]
tests/test_generator.py::test_incident_spans_its_declared_streams[INC-4] PASSED [ 60%]
tests/test_generator.py::test_incident_spans_its_declared_streams[INC-5] PASSED [ 61%]
tests/test_generator.py::test_only_inc5_relies_on_a_silence_hop PASSED   [ 62%]
tests/test_generator.py::test_near_miss_is_single_stream[NM-1] PASSED    [ 63%]
tests/test_generator.py::test_near_miss_is_single_stream[NM-2] PASSED    [ 64%]
tests/test_generator.py::test_near_miss_is_single_stream[NM-3] PASSED    [ 65%]
tests/test_generator.py::test_near_miss_is_single_stream[NM-4] PASSED    [ 67%]
tests/test_generator.py::test_nm5_is_two_stream_so_it_reaches_the_confidence_floor PASSED [ 68%]
tests/test_generator.py::test_incident_events_belong_to_the_declared_account PASSED [ 69%]
tests/test_generator.py::test_inc5_silence_window_really_is_silent PASSED [ 70%]
tests/test_generator.py::test_generation_is_deterministic PASSED         [ 71%]
tests/test_generator.py::test_ground_truth_is_not_reachable_from_the_events_table PASSED [ 72%]
tests/test_generator.py::test_every_incident_is_structurally_connected PASSED [ 73%]
tests/test_generator.py::test_incident_joins_do_not_depend_on_prose PASSED [ 74%]
tests/test_generator.py::test_linkage_detects_an_orphaned_stream PASSED  [ 75%]
tests/test_no_groundtruth_leak.py::test_module_does_not_import_ground_truth[correlate.py] PASSED [ 76%]
tests/test_no_groundtruth_leak.py::test_module_does_not_import_ground_truth[config.py] PASSED [ 77%]
tests/test_no_groundtruth_leak.py::test_module_does_not_import_ground_truth[models.py] PASSED [ 78%]
tests/test_no_groundtruth_leak.py::test_module_does_not_import_ground_truth[enrich.py] PASSED [ 79%]
tests/test_no_groundtruth_leak.py::test_module_does_not_import_ground_truth[llm.py] PASSED [ 80%]
tests/test_no_groundtruth_leak.py::test_module_does_not_import_ground_truth[triage.py] PASSED [ 81%]
tests/test_no_groundtruth_leak.py::test_module_does_not_import_ground_truth[cli.py] PASSED [ 82%]
tests/test_no_groundtruth_leak.py::test_module_does_not_import_ground_truth[orchestrator.py] PASSED [ 84%]
tests/test_no_groundtruth_leak.py::test_module_does_not_import_ground_truth[gate.py] PASSED [ 85%]
tests/test_no_groundtruth_leak.py::test_module_does_not_import_ground_truth[detectors.py] PASSED [ 86%]
tests/test_no_groundtruth_leak.py::test_module_does_not_reference_incident_fields[correlate.py] PASSED [ 87%]
tests/test_no_groundtruth_leak.py::test_module_does_not_reference_incident_fields[config.py] PASSED [ 88%]
tests/test_no_groundtruth_leak.py::test_module_does_not_reference_incident_fields[models.py] PASSED [ 89%]
tests/test_no_groundtruth_leak.py::test_module_does_not_reference_incident_fields[enrich.py] PASSED [ 90%]
tests/test_no_groundtruth_leak.py::test_module_does_not_reference_incident_fields[llm.py] PASSED [ 91%]
tests/test_no_groundtruth_leak.py::test_module_does_not_reference_incident_fields[triage.py] PASSED [ 92%]
tests/test_no_groundtruth_leak.py::test_module_does_not_reference_incident_fields[cli.py] PASSED [ 93%]
tests/test_no_groundtruth_leak.py::test_module_does_not_reference_incident_fields[orchestrator.py] PASSED [ 94%]
tests/test_no_groundtruth_leak.py::test_module_does_not_reference_incident_fields[gate.py] PASSED [ 95%]
tests/test_no_groundtruth_leak.py::test_module_does_not_reference_incident_fields[detectors.py] PASSED [ 96%]
tests/test_no_groundtruth_leak.py::test_events_table_has_no_incident_column PASSED [ 97%]
tests/test_no_groundtruth_leak.py::test_only_llm_py_imports_the_vendor_sdk PASSED [ 98%]
tests/test_no_groundtruth_leak.py::test_no_module_constructs_its_own_client PASSED [100%]

============================== 94 passed in 0.79s ==============================
